<?xml version="1.0" encoding="UTF-8"?>
<!-- Generated by org.testng.reporters.JUnitReportReporter -->
<testsuite hostname="NishantLaptop" failures="0" tests="4" name="test.com.BankTest" time="0.041" errors="0" timestamp="30 Aug 2023 17:23:52 GMT">
  <testcase classname="test.com.BankTest" name="testCustomer" time="0.001"/>
  <testcase classname="test.com.BankTest" name="testEmployee" time="0.001"/>
  <testcase classname="test.com.BankTest" name="testAccount" time="0.007"/>
  <testcase classname="test.com.BankTest" name="testBank" time="0.032"/>
</testsuite> <!-- test.com.BankTest -->
